<?xml version="1.0" encoding="utf-8"?>
<shfbBuild product="Sandcastle Help File Builder and Tools" version="2020.3.6.0" projectFile="C:\Users\wwwam\Documents\Repositorios\Alis\ApiDoc\ApiDoc.shfbproj" started="24/12/2020 17:04:15">
<buildStep step="Initializing">
Finding tools...
The Sandcastle tools are located in &#39;C:\Program Files (x86)\EWSoftware\Sandcastle Help File Builder\&#39;
Locating components in the following folder(s):
    C:\Users\wwwam\Documents\Repositorios\Alis\ApiDoc
    C:\ProgramData\EWSoftware\Sandcastle Help File Builder\Components and Plug-Ins\
    C:\Program Files (x86)\EWSoftware\Sandcastle Help File Builder\
Using framework reflection data for &#39;Cross-platform (.NET Core/.NET Standard)&#39; located in &#39;C:\Program Files (x86)\EWSoftware\Sandcastle Help File Builder\Data\.NETFramework&#39;
Using presentation style &#39;VS2013&#39; located in &#39;C:\Program Files (x86)\EWSoftware\Sandcastle Help File Builder\PresentationStyles\VS2013&#39;
Loading and initializing plug-ins...
Lightweight Website Style Version 2020.3.6.0
Copyright &#169; 2006-2020, Eric Woodruff, All Rights Reserved
Portions Copyright &#169; 2014, Sam Harwell, All Rights Reserved
-------------------------------
Clearing any prior web/markdown output...
</buildStep>
<buildStep step="ValidatingDocumentationSources">
Validating and copying documentation source information
Source: C:\Users\wwwam\Documents\Repositorios\Alis\Core\Core.csproj
    Found project &#39;C:\Users\wwwam\Documents\Repositorios\Alis\Core\Core.csproj&#39;
Source: C:\Users\wwwam\Documents\Repositorios\Alis\Editor\Editor.csproj
    Found project &#39;C:\Users\wwwam\Documents\Repositorios\Alis\Editor\Editor.csproj&#39;

Parsing project files
    Found assembly &#39;C:\Users\wwwam\Documents\Repositorios\Alis\Core\bin\Debug\netstandard2.0\Core.dll&#39;
    Last step completed in 00:00:00,5487
</buildStep>
<buildStep step="Failed">

SHFB: Error BE0040: Project assembly does not exist: C:\Users\wwwam\Documents\Repositorios\Alis\Editor\bin\Debug\netcoreapp2.0\Editor.dll
   en SandcastleBuilder.Utils.BuildEngine.BuildProcess.ValidateDocumentationSources()
   en SandcastleBuilder.Utils.BuildEngine.BuildProcess.Build()

</buildStep>
</shfbBuild>
